\BOOKMARK [1][-]{section.1}{\376\377\000T\000e\000s\000t\000o\000v\000a\000n\000i\000e\000\040\000v\000\375\000s\000l\000e\000d\000k\000o\000v}{}% 1
\BOOKMARK [2][-]{subsection.1.1}{\376\377\000M\000e\000t\000o\000d\000o\000l\000\363\000g\000i\000a\000\040\000a\000\040\000t\000e\000s\000t\000o\000v\000a\000c\000i\000e\000\040\000d\000\341\000t\000a}{section.1}% 2
\BOOKMARK [1][-]{section.2}{\376\377\001\014\000a\000s\001\145\000\040\0001\000\040\000-\000\040\000A\000n\000a\000l\000\375\000z\000a\000\040\000v\000p\000l\000y\000v\000u\000\040\000v\000\341\000h}{}% 3
\BOOKMARK [2][-]{subsection.2.1}{\376\377\000C\000i\000e\001\076}{section.2}% 4
\BOOKMARK [2][-]{subsection.2.2}{\376\377\000T\000e\000s\000t\000o\000v\000a\000c\000\355\000\040\000p\000o\000u\001\176\000\355\000v\000a\000t\000e\001\076}{section.2}% 5
\BOOKMARK [2][-]{subsection.2.3}{\376\377\000V\000i\000z\000u\000\341\000l\000n\000a\000\040\000a\000n\000a\000l\000\375\000z\000a\000\040\000p\000r\000o\000f\000i\000l\000u}{section.2}% 6
\BOOKMARK [2][-]{subsection.2.4}{\376\377\000V\000\375\000s\000l\000e\000d\000k\000y\000\040\000t\000e\000s\000t\000o\000v\000a\000n\000i\000a\000\040\000v\000\341\000h}{section.2}% 7
\BOOKMARK [3][-]{subsubsection.2.4.1}{\376\377\000V\000\375\000s\000l\000e\000d\000k\000y\000\040\000p\000r\000i\000\040\000r\000o\000v\000n\000o\000m\000e\000r\000n\000o\000m\000\040\000r\000o\000z\000d\000e\000l\000e\000n\000\355\000\040\000v\000\341\000h}{subsection.2.4}% 8
\BOOKMARK [3][-]{subsubsection.2.4.2}{\376\377\000P\000o\000r\000o\000v\000n\000a\000n\000i\000e\000\040\000v\000p\000l\000y\000v\000u\000\040\000f\000a\000k\000t\000o\000r\000o\000v\000\040\000p\000r\000i\000\040\000d\000o\000m\000i\000n\000a\000n\000t\000n\000e\000j\000\040\000v\000\341\000h\000e\000\040\0006\0000\000\045}{subsection.2.4}% 9
\BOOKMARK [3][-]{subsubsection.2.4.3}{\376\377\000Z\000h\000o\000d\000n\000o\000t\000e\000n\000i\000e\000\040\000f\000a\000k\000t\000o\000r\000a\000\040\000p\000o\000d\000k\000a\000t\000e\000g\000\363\000r\000i\000e}{subsection.2.4}% 10
\BOOKMARK [1][-]{section.3}{\376\377\001\014\000a\000s\001\145\000\040\0002\000\040\000-\000\040\000O\000v\000e\000r\000e\000n\000i\000e\000\040\000f\000u\000n\000k\001\015\000n\000o\000s\000t\000i\000\040\000p\000r\000e\000d\000p\000o\000v\000e\000d\000e}{}% 11
\BOOKMARK [2][-]{subsection.3.1}{\376\377\000C\000i\000e\001\076}{section.3}% 12
\BOOKMARK [2][-]{subsection.3.2}{\376\377\000O\000v\000e\000r\000e\000n\000i\000e\000\040\000z\000\341\000k\000l\000a\000d\000n\000e\000j\000\040\000f\000u\000n\000k\001\015\000n\000o\000s\000t\000i}{section.3}% 13
\BOOKMARK [2][-]{subsection.3.3}{\376\377\000T\000e\000s\000t\000o\000v\000a\000n\000i\000e\000\040\000c\000i\000t\000l\000i\000v\000o\000s\000t\000i\000\040\000p\000r\000e\000d\000p\000o\000v\000e\000d\000e}{section.3}% 14
\BOOKMARK [2][-]{subsection.3.4}{\376\377\000O\000b\000m\000e\000d\000z\000e\000n\000i\000a\000\040\000m\000e\000t\000o\000d\000i\000k\000y}{section.3}% 15
\BOOKMARK [2][-]{subsection.3.5}{\376\377\000Z\000\341\000v\000e\000r\000\040\000t\000e\000s\000t\000o\000v\000a\000n\000i\000a}{section.3}% 16
\BOOKMARK [1][-]{appendix.A}{\376\377\000D\000e\000t\000a\000i\000l\000n\000\351\000\040\000v\000\375\000s\000l\000e\000d\000k\000y\000\040\000t\000e\000s\000t\000o\000v\000a\000c\000\355\000c\000h\000\040\000s\000c\000e\000n\000\341\000r\000o\000v}{}% 17
\BOOKMARK [2][-]{subsection.A.1}{\376\377\000T\000e\000s\000t\000\040\0001\000:\000\040\000Z\000\341\000k\000l\000a\000d\000n\000\351\000\040\000n\000a\000s\000t\000a\000v\000e\000n\000i\000e\000\040\000s\000y\000s\000t\000\351\000m\000u\000\040\000\050\000B\000a\000s\000e\000l\000i\000n\000e\000\051}{appendix.A}% 18
\BOOKMARK [2][-]{subsection.A.2}{\376\377\000T\000e\000s\000t\000\040\0002\000:\000\040\000P\000r\000i\000o\000r\000i\000t\000i\000z\000\341\000c\000i\000a\000\040\000h\000l\000a\000v\000n\000e\000j\000\040\000k\000a\000t\000e\000g\000\363\000r\000i\000e\000\040\000\050\000H\000l\000.\000\040\000k\000a\000t\000e\000g\000\363\000r\000i\000a\000\040\0006\0000\000\045\000\051}{appendix.A}% 19
\BOOKMARK [2][-]{subsection.A.3}{\376\377\000T\000e\000s\000t\000\040\0003\000:\000\040\000P\000r\000i\000o\000r\000i\000t\000i\000z\000\341\000c\000i\000a\000\040\001\141\000p\000e\000c\000i\000f\000i\000c\000k\000e\000j\000\040\000p\000o\000d\000k\000a\000t\000e\000g\000\363\000r\000i\000e\000\040\000\050\000P\000o\000d\000k\000a\000t\000e\000g\000\363\000r\000i\000a\000\040\0006\0000\000\040\000\045\000\051}{appendix.A}% 20
\BOOKMARK [2][-]{subsection.A.4}{\376\377\000T\000e\000s\000t\000\040\0004\000:\000\040\000P\000r\000i\000o\000r\000i\000t\000i\000z\000\341\000c\000i\000a\000\040\000g\000e\000o\000g\000r\000a\000f\000i\000c\000k\000e\000j\000\040\000d\000o\000s\000t\000u\000p\000n\000o\000s\000t\000i\000\040\000\050\000V\000z\000d\000i\000a\000l\000e\000n\000o\000s\001\145\000\040\0006\0000\000\040\000\045\000\051}{appendix.A}% 21
\BOOKMARK [2][-]{subsection.A.5}{\376\377\000T\000e\000s\000t\000\040\0005\000:\000\040\000P\000r\000i\000o\000r\000i\000t\000i\000z\000\341\000c\000i\000a\000\040\000p\000o\000u\001\176\000\355\000v\000a\000t\000e\001\076\000s\000k\000\351\000h\000o\000\040\000h\000o\000d\000n\000o\000t\000e\000n\000i\000a\000\040\000\050\000R\000a\000t\000i\000n\000g\000\040\0006\0000\000\040\000\045\000\051}{appendix.A}% 22
\BOOKMARK [3][-]{subsubsection.A.5.1}{\376\377\000N\000o\000r\000m\000a\000l\000i\000z\000o\000v\000a\000n\000\351\000\040\000h\000o\000d\000n\000o\000t\000y\000\040\000\050\000b\000e\000z\000\040\000v\000\341\000h\000\051}{subsection.A.5}% 23
\BOOKMARK [2][-]{subsection.A.6}{\376\377\000T\000e\000s\000t\000\040\0006\000:\000\040\000P\000r\000i\000o\000r\000i\000t\000i\000z\000\341\000c\000i\000a\000\040\000p\000o\000p\000u\000l\000a\000r\000i\000t\000y\000\040\000a\000\040\000o\000b\000s\000a\000d\000e\000n\000o\000s\000t\000i\000\040\000\050\000P\000o\000p\000u\000l\000a\000r\000i\000t\000a\000\040\0006\0000\000\040\000\045\000\051}{appendix.A}% 24
\BOOKMARK [2][-]{subsection.A.7}{\376\377\000T\000e\000s\000t\000\040\0007\000:\000\040\000P\000r\000i\000o\000r\000i\000t\000i\000z\000\341\000c\000i\000a\000\040\000o\000b\001\076\000\372\000b\000e\000n\000\375\000c\000h\000\040\000p\000o\000l\000o\001\176\000i\000e\000k\000\040\000\050\000O\000b\001\076\000\372\000b\000e\000n\000\375\000\040\000b\000o\000n\000u\000s\000\040\0006\0000\000\040\000\045\000\051}{appendix.A}% 25
